2015/09/09 19:43:26 [info] [application] $_GET=array (
  'p' => 'contact',
)

$_SERVER=array (
  'DOCUMENT_ROOT' => '/home/jack/public_html',
  'GATEWAY_INTERFACE' => 'CGI/1.1',
  'HTTP_ACCEPT' => 'text/html,text/plain,text/xml,text/*,application/xml,application/xhtml+xml,application/rss+xml,application/atom+xml,application/rdf+xml,application/php,application/x-php,application/x-httpd-php',
  'HTTP_ACCEPT_ENCODING' => 'gzip',
  'HTTP_ACCEPT_LANGUAGE' => 'en',
  'HTTP_CONNECTION' => 'close',
  'HTTP_HOST' => 'jackmcgreevy.com',
  'HTTP_USER_AGENT' => 'Mozilla/5.0 (compatible; MJ12bot/v1.4.5; http://www.majestic12.co.uk/bot.php?+)',
  'PATH' => '/bin:/usr/bin',
  'QUERY_STRING' => 'p=contact',
  'REDIRECT_QUERY_STRING' => 'p=contact',
  'REDIRECT_STATUS' => '200',
  'REDIRECT_UNIQUE_ID' => 'VfCL3jIcNhgAAH6GDKoAAAAH',
  'REDIRECT_URL' => '/contact',
  'REMOTE_ADDR' => '178.202.133.84',
  'REMOTE_PORT' => '45793',
  'REQUEST_METHOD' => 'GET',
  'REQUEST_URI' => '/contact',
  'SCRIPT_FILENAME' => '/home/jack/public_html/index.php',
  'SCRIPT_NAME' => '/index.php',
  'SERVER_ADDR' => '50.28.54.24',
  'SERVER_ADMIN' => 'webmaster@jackmcgreevy.com',
  'SERVER_NAME' => 'jackmcgreevy.com',
  'SERVER_PORT' => '80',
  'SERVER_PROTOCOL' => 'HTTP/1.0',
  'SERVER_SIGNATURE' => '',
  'SERVER_SOFTWARE' => 'Apache/2.2.29 (Unix) mod_ssl/2.2.29 OpenSSL/1.0.1e-fips mod_bwlimited/1.4',
  'UNIQUE_ID' => 'VfCL3jIcNhgAAH6GDKoAAAAH',
  'PHP_SELF' => '/index.php',
  'REQUEST_TIME_FLOAT' => 1441827806.445713043212890625,
  'REQUEST_TIME' => 1441827806,
  'argv' => 
  array (
    0 => 'p=contact',
  ),
  'argc' => 1,
)
2015/09/09 19:43:26 [trace] [system.CModule] Loading "log" application component
in /home/jack/craft/app/etc/web/WebApp.php (584)
in /home/jack/craft/app/etc/web/WebApp.php (124)
in /home/jack/craft/app/bootstrap.php (189)
2015/09/09 19:43:26 [trace] [system.CModule] Loading "coreMessages" application component
in /home/jack/craft/app/etc/web/WebApp.php (584)
in /home/jack/craft/app/etc/web/WebApp.php (127)
in /home/jack/craft/app/bootstrap.php (189)
2015/09/09 19:43:26 [trace] [system.db.CDbConnection] Opening DB connection
in /home/jack/craft/app/etc/behaviors/AppBehavior.php (819)
in /home/jack/craft/app/etc/web/WebApp.php (580)
in /home/jack/craft/app/etc/behaviors/AppBehavior.php (80)
2015/09/09 19:43:26 [trace] [system.db.CDbCommand] Querying SQL: SHOW TABLES LIKE 'craft_%'
in /home/jack/craft/app/etc/db/schemas/MysqlSchema.php (295)
in /home/jack/craft/app/etc/db/DbConnection.php (90)
in /home/jack/craft/app/etc/behaviors/AppBehavior.php (98)
2015/09/09 19:43:26 [profile] [system.db.CDbCommand.query] begin:system.db.CDbCommand.query(SHOW TABLES LIKE 'craft_%')
2015/09/09 19:43:26 [profile] [system.db.CDbCommand.query] end:system.db.CDbCommand.query(SHOW TABLES LIKE 'craft_%')
2015/09/09 19:43:26 [trace] [system.db.CDbCommand] Querying SQL: SELECT *
FROM `craft_info` LIMIT 1
in /home/jack/craft/app/etc/behaviors/AppBehavior.php (493)
in /home/jack/craft/app/etc/behaviors/AppBehavior.php (187)
in /home/jack/craft/app/etc/web/WebApp.php (719)
2015/09/09 19:43:26 [profile] [system.db.CDbCommand.query] begin:system.db.CDbCommand.query(SELECT *
FROM `craft_info` LIMIT 1)
2015/09/09 19:43:26 [profile] [system.db.CDbCommand.query] end:system.db.CDbCommand.query(SELECT *
FROM `craft_info` LIMIT 1)
2015/09/09 19:43:26 [trace] [system.CModule] Loading "userSession" application component
in /home/jack/craft/app/etc/web/WebApp.php (584)
in /home/jack/craft/app/etc/web/WebApp.php (158)
in /home/jack/craft/app/index.php (62)
2015/09/09 19:43:26 [trace] [system.CModule] Loading "httpSession" application component
in /home/jack/craft/app/etc/web/WebApp.php (584)
in /home/jack/craft/app/etc/web/WebApp.php (477)
in /home/jack/craft/app/services/UserSessionService.php (92)
2015/09/09 19:43:26 [trace] [system.CModule] Loading "session" application component
in /home/jack/craft/app/etc/web/WebApp.php (584)
in /home/jack/craft/app/services/UserSessionService.php (1087)
in /home/jack/craft/app/services/UserSessionService.php (376)
2015/09/09 19:43:26 [trace] [system.CModule] Loading "updates" application component
in /home/jack/craft/app/etc/web/WebApp.php (584)
in /home/jack/craft/app/etc/web/WebApp.php (206)
in /home/jack/craft/app/index.php (62)
2015/09/09 19:43:26 [trace] [system.CModule] Loading "plugins" application component
in /home/jack/craft/app/etc/web/WebApp.php (584)
in /home/jack/craft/app/etc/web/WebApp.php (246)
in /home/jack/craft/app/index.php (62)
2015/09/09 19:43:26 [trace] [system.db.CDbCommand] Querying SQL: SELECT `id`, `class`, `version`, `settings`, `installDate`
FROM `craft_plugins`
WHERE enabled=1
in /home/jack/craft/app/services/PluginsService.php (102)
in /home/jack/craft/app/etc/web/WebApp.php (246)
in /home/jack/craft/app/index.php (62)
2015/09/09 19:43:26 [profile] [system.db.CDbCommand.query] begin:system.db.CDbCommand.query(SELECT `id`, `class`, `version`, `settings`, `installDate`
FROM `craft_plugins`
WHERE enabled=1)
2015/09/09 19:43:26 [profile] [system.db.CDbCommand.query] end:system.db.CDbCommand.query(SELECT `id`, `class`, `version`, `settings`, `installDate`
FROM `craft_plugins`
WHERE enabled=1)
2015/09/09 19:43:26 [trace] [system.CModule] Loading "urlManager" application component
in /home/jack/craft/app/etc/web/WebApp.php (584)
in /home/jack/craft/app/etc/web/WebApp.php (279)
in /home/jack/craft/app/index.php (62)
2015/09/09 19:43:26 [trace] [system.CModule] Loading "elements" application component
in /home/jack/craft/app/etc/web/WebApp.php (584)
in /home/jack/craft/app/etc/web/UrlManager.php (278)
in /home/jack/craft/app/etc/web/UrlManager.php (137)
2015/09/09 19:43:26 [trace] [system.CModule] Loading "i18n" application component
in /home/jack/craft/app/etc/web/WebApp.php (584)
in /home/jack/craft/app/etc/behaviors/AppBehavior.php (791)
in /home/jack/craft/app/etc/behaviors/AppBehavior.php (571)
2015/09/09 19:43:26 [trace] [system.db.CDbCommand] Querying SQL: SELECT `locale`
FROM `craft_locales`
ORDER BY `sortOrder`
in /home/jack/craft/app/services/LocalizationService.php (126)
in /home/jack/craft/app/services/LocalizationService.php (150)
in /home/jack/craft/app/services/LocalizationService.php (162)
2015/09/09 19:43:26 [profile] [system.db.CDbCommand.query] begin:system.db.CDbCommand.query(SELECT `locale`
FROM `craft_locales`
ORDER BY `sortOrder`)
2015/09/09 19:43:26 [profile] [system.db.CDbCommand.query] end:system.db.CDbCommand.query(SELECT `locale`
FROM `craft_locales`
ORDER BY `sortOrder`)
2015/09/09 19:43:26 [trace] [system.db.CDbCommand] Querying SQL: SELECT `elements`.`id`, `elements`.`type`
FROM `craft_elements` `elements`
JOIN `craft_elements_i18n` `elements_i18n` ON elements_i18n.elementId = elements.id
WHERE (elements_i18n.uri = :uri) AND (elements_i18n.locale = :locale) AND (elements_i18n.enabled = 1) AND (elements.enabled = 1) AND (elements.archived = 0). Bound with :uri='contact', :locale='en_us'
in /home/jack/craft/app/services/ElementsService.php (147)
in /home/jack/craft/app/etc/web/UrlManager.php (278)
in /home/jack/craft/app/etc/web/UrlManager.php (137)
2015/09/09 19:43:26 [profile] [system.db.CDbCommand.query] begin:system.db.CDbCommand.query(SELECT `elements`.`id`, `elements`.`type`
FROM `craft_elements` `elements`
JOIN `craft_elements_i18n` `elements_i18n` ON elements_i18n.elementId = elements.id
WHERE (elements_i18n.uri = :uri) AND (elements_i18n.locale = :locale) AND (elements_i18n.enabled = 1) AND (elements.enabled = 1) AND (elements.archived = 0). Bound with :uri='contact', :locale='en_us')
2015/09/09 19:43:26 [profile] [system.db.CDbCommand.query] end:system.db.CDbCommand.query(SELECT `elements`.`id`, `elements`.`type`
FROM `craft_elements` `elements`
JOIN `craft_elements_i18n` `elements_i18n` ON elements_i18n.elementId = elements.id
WHERE (elements_i18n.uri = :uri) AND (elements_i18n.locale = :locale) AND (elements_i18n.enabled = 1) AND (elements.enabled = 1) AND (elements.archived = 0). Bound with :uri='contact', :locale='en_us')
2015/09/09 19:43:26 [trace] [system.CModule] Loading "components" application component
in /home/jack/craft/app/etc/web/WebApp.php (584)
in /home/jack/craft/app/services/ElementsService.php (1768)
in /home/jack/craft/app/services/ElementsService.php (51)
2015/09/09 19:43:26 [trace] [system.CModule] Loading "content" application component
in /home/jack/craft/app/etc/web/WebApp.php (584)
in /home/jack/craft/app/elementtypes/BaseElementType.php (356)
in /home/jack/craft/app/elementtypes/BaseElementType.php (378)
2015/09/09 19:43:26 [trace] [system.CModule] Loading "fields" application component
in /home/jack/craft/app/etc/web/WebApp.php (584)
in /home/jack/craft/app/elementtypes/BaseElementType.php (360)
in /home/jack/craft/app/elementtypes/BaseElementType.php (378)
2015/09/09 19:43:26 [trace] [system.db.CDbCommand] Querying SQL: SELECT `id`, `groupId`, `name`, `handle`, `context`, `instructions`, `translatable`, `type`, `settings`
FROM `craft_fields`
WHERE `context` IN ('global')
ORDER BY `name`
in /home/jack/craft/app/services/FieldsService.php (246)
in /home/jack/craft/app/elementtypes/BaseElementType.php (360)
in /home/jack/craft/app/elementtypes/BaseElementType.php (378)
2015/09/09 19:43:26 [profile] [system.db.CDbCommand.query] begin:system.db.CDbCommand.query(SELECT `id`, `groupId`, `name`, `handle`, `context`, `instructions`, `translatable`, `type`, `settings`
FROM `craft_fields`
WHERE `context` IN ('global')
ORDER BY `name`)
2015/09/09 19:43:26 [profile] [system.db.CDbCommand.query] end:system.db.CDbCommand.query(SELECT `id`, `groupId`, `name`, `handle`, `context`, `instructions`, `translatable`, `type`, `settings`
FROM `craft_fields`
WHERE `context` IN ('global')
ORDER BY `name`)
2015/09/09 19:43:26 [trace] [system.CModule] Loading "messages" application component
in /home/jack/craft/app/etc/web/WebApp.php (584)
in /home/jack/craft/app/Craft.php (382)
in /home/jack/craft/app/fieldtypes/AssetsFieldType.php (312)
2015/09/09 19:43:26 [trace] [system.db.CDbCommand] Querying SQL: SELECT `elements`.`id`, `elements`.`type`, `elements`.`enabled`, `elements`.`archived`, `elements`.`dateCreated`, `elements`.`dateUpdated`, `elements_i18n`.`slug`, `elements_i18n`.`uri`, `elements_i18n`.`enabled` AS `localeEnabled`, `content`.`id` AS `contentId`, `content`.`title`, `content`.`field_articleSummary`, `content`.`field_body`, `content`.`field_globalSet`, `entries`.`sectionId`, `entries`.`typeId`, `entries`.`authorId`, `entries`.`postDate`, `entries`.`expiryDate`, `structureelements`.`root`, `structureelements`.`lft`, `structureelements`.`rgt`, `structureelements`.`level`
FROM `craft_elements` `elements`
JOIN `craft_elements_i18n` `elements_i18n` ON elements_i18n.elementId = elements.id
JOIN `craft_content` `content` ON content.elementId = elements.id
JOIN `craft_entries` `entries` ON entries.id = elements.id
JOIN `craft_sections` `sections` ON sections.id = entries.sectionId
LEFT JOIN `craft_structures` `structures` ON structures.id = sections.structureId
LEFT JOIN `craft_structureelements` `structureelements` ON (structureelements.structureId = structures.id) AND (structureelements.elementId = entries.id)
WHERE (((elements_i18n.locale = :locale) AND (content.locale = :locale)) AND (elements.id=:elementsid1)) AND (elements.archived = 0)
GROUP BY `elements`.`id`
ORDER BY `lft`, `postDate` DESC LIMIT 1. Bound with :locale='en_us', :elementsid1='9'
in /home/jack/craft/app/services/ElementsService.php (249)
in /home/jack/craft/app/models/ElementCriteriaModel.php (254)
in /home/jack/craft/app/models/ElementCriteriaModel.php (275)
2015/09/09 19:43:26 [profile] [system.db.CDbCommand.query] begin:system.db.CDbCommand.query(SELECT `elements`.`id`, `elements`.`type`, `elements`.`enabled`, `elements`.`archived`, `elements`.`dateCreated`, `elements`.`dateUpdated`, `elements_i18n`.`slug`, `elements_i18n`.`uri`, `elements_i18n`.`enabled` AS `localeEnabled`, `content`.`id` AS `contentId`, `content`.`title`, `content`.`field_articleSummary`, `content`.`field_body`, `content`.`field_globalSet`, `entries`.`sectionId`, `entries`.`typeId`, `entries`.`authorId`, `entries`.`postDate`, `entries`.`expiryDate`, `structureelements`.`root`, `structureelements`.`lft`, `structureelements`.`rgt`, `structureelements`.`level`
FROM `craft_elements` `elements`
JOIN `craft_elements_i18n` `elements_i18n` ON elements_i18n.elementId = elements.id
JOIN `craft_content` `content` ON content.elementId = elements.id
JOIN `craft_entries` `entries` ON entries.id = elements.id
JOIN `craft_sections` `sections` ON sections.id = entries.sectionId
LEFT JOIN `craft_structures` `structures` ON structures.id = sections.structureId
LEFT JOIN `craft_structureelements` `structureelements` ON (structureelements.structureId = structures.id) AND (structureelements.elementId = entries.id)
WHERE (((elements_i18n.locale = :locale) AND (content.locale = :locale)) AND (elements.id=:elementsid1)) AND (elements.archived = 0)
GROUP BY `elements`.`id`
ORDER BY `lft`, `postDate` DESC LIMIT 1. Bound with :locale='en_us', :elementsid1='9')
2015/09/09 19:43:26 [profile] [system.db.CDbCommand.query] end:system.db.CDbCommand.query(SELECT `elements`.`id`, `elements`.`type`, `elements`.`enabled`, `elements`.`archived`, `elements`.`dateCreated`, `elements`.`dateUpdated`, `elements_i18n`.`slug`, `elements_i18n`.`uri`, `elements_i18n`.`enabled` AS `localeEnabled`, `content`.`id` AS `contentId`, `content`.`title`, `content`.`field_articleSummary`, `content`.`field_body`, `content`.`field_globalSet`, `entries`.`sectionId`, `entries`.`typeId`, `entries`.`authorId`, `entries`.`postDate`, `entries`.`expiryDate`, `structureelements`.`root`, `structureelements`.`lft`, `structureelements`.`rgt`, `structureelements`.`level`
FROM `craft_elements` `elements`
JOIN `craft_elements_i18n` `elements_i18n` ON elements_i18n.elementId = elements.id
JOIN `craft_content` `content` ON content.elementId = elements.id
JOIN `craft_entries` `entries` ON entries.id = elements.id
JOIN `craft_sections` `sections` ON sections.id = entries.sectionId
LEFT JOIN `craft_structures` `structures` ON structures.id = sections.structureId
LEFT JOIN `craft_structureelements` `structureelements` ON (structureelements.structureId = structures.id) AND (structureelements.elementId = entries.id)
WHERE (((elements_i18n.locale = :locale) AND (content.locale = :locale)) AND (elements.id=:elementsid1)) AND (elements.archived = 0)
GROUP BY `elements`.`id`
ORDER BY `lft`, `postDate` DESC LIMIT 1. Bound with :locale='en_us', :elementsid1='9')
2015/09/09 19:43:26 [trace] [system.CModule] Loading "sections" application component
in /home/jack/craft/app/etc/web/WebApp.php (584)
in /home/jack/craft/app/models/EntryModel.php (112)
in /home/jack/craft/app/elementtypes/EntryElementType.php (748)
2015/09/09 19:43:26 [trace] [system.db.CDbCommand] Querying SQL: SELECT `sections`.`id`, `sections`.`structureId`, `sections`.`name`, `sections`.`handle`, `sections`.`type`, `sections`.`hasUrls`, `sections`.`template`, `sections`.`enableVersioning`, `structures`.`maxLevels`
FROM `craft_sections` `sections`
LEFT JOIN `craft_structures` `structures` ON structures.id = sections.structureId
WHERE sections.id = :sectionId
ORDER BY `name`. Bound with :sectionId='6'
in /home/jack/craft/app/services/SectionsService.php (244)
in /home/jack/craft/app/models/EntryModel.php (112)
in /home/jack/craft/app/elementtypes/EntryElementType.php (748)
2015/09/09 19:43:26 [profile] [system.db.CDbCommand.query] begin:system.db.CDbCommand.query(SELECT `sections`.`id`, `sections`.`structureId`, `sections`.`name`, `sections`.`handle`, `sections`.`type`, `sections`.`hasUrls`, `sections`.`template`, `sections`.`enableVersioning`, `structures`.`maxLevels`
FROM `craft_sections` `sections`
LEFT JOIN `craft_structures` `structures` ON structures.id = sections.structureId
WHERE sections.id = :sectionId
ORDER BY `name`. Bound with :sectionId='6')
2015/09/09 19:43:26 [profile] [system.db.CDbCommand.query] end:system.db.CDbCommand.query(SELECT `sections`.`id`, `sections`.`structureId`, `sections`.`name`, `sections`.`handle`, `sections`.`type`, `sections`.`hasUrls`, `sections`.`template`, `sections`.`enableVersioning`, `structures`.`maxLevels`
FROM `craft_sections` `sections`
LEFT JOIN `craft_structures` `structures` ON structures.id = sections.structureId
WHERE sections.id = :sectionId
ORDER BY `name`. Bound with :sectionId='6')
2015/09/09 19:43:26 [trace] [system.db.CDbCommand] Querying SQL: SELECT *
FROM `craft_sections_i18n` `sections_i18n`
JOIN `craft_locales` `locales` ON locales.locale = sections_i18n.locale
WHERE sections_i18n.sectionId = :sectionId
ORDER BY `locales`.`sortOrder`. Bound with :sectionId='6'
in /home/jack/craft/app/services/SectionsService.php (302)
in /home/jack/craft/app/models/SectionModel.php (63)
in /home/jack/craft/app/elementtypes/EntryElementType.php (751)
2015/09/09 19:43:26 [profile] [system.db.CDbCommand.query] begin:system.db.CDbCommand.query(SELECT *
FROM `craft_sections_i18n` `sections_i18n`
JOIN `craft_locales` `locales` ON locales.locale = sections_i18n.locale
WHERE sections_i18n.sectionId = :sectionId
ORDER BY `locales`.`sortOrder`. Bound with :sectionId='6')
2015/09/09 19:43:26 [profile] [system.db.CDbCommand.query] end:system.db.CDbCommand.query(SELECT *
FROM `craft_sections_i18n` `sections_i18n`
JOIN `craft_locales` `locales` ON locales.locale = sections_i18n.locale
WHERE sections_i18n.sectionId = :sectionId
ORDER BY `locales`.`sortOrder`. Bound with :sectionId='6')
2015/09/09 19:43:26 [trace] [system.CModule] Loading "templates" application component
in /home/jack/craft/app/etc/web/WebApp.php (584)
in /home/jack/craft/app/controllers/TemplatesController.php (53)
in /home/jack/craft/app/etc/web/WebApp.php (279)
2015/09/09 19:43:26 [trace] [system.CModule] Loading "globals" application component
in /home/jack/craft/app/etc/web/WebApp.php (584)
in /home/jack/craft/app/etc/templating/twigextensions/CraftTwigExtension.php (466)
in /home/jack/craft/app/vendor/twig/twig/lib/Twig/Environment.php (1169)
2015/09/09 19:43:26 [trace] [system.db.CDbCommand] Querying SQL: SELECT `elements`.`id`, `elements`.`type`, `elements`.`enabled`, `elements`.`archived`, `elements`.`dateCreated`, `elements`.`dateUpdated`, `elements_i18n`.`slug`, `elements_i18n`.`uri`, `elements_i18n`.`enabled` AS `localeEnabled`, `content`.`id` AS `contentId`, `content`.`field_articleSummary`, `content`.`field_body`, `content`.`field_globalSet`, `globalsets`.`name`, `globalsets`.`handle`, `globalsets`.`fieldLayoutId`
FROM `craft_elements` `elements`
JOIN `craft_elements_i18n` `elements_i18n` ON elements_i18n.elementId = elements.id
JOIN `craft_content` `content` ON content.elementId = elements.id
JOIN `craft_globalsets` `globalsets` ON globalsets.id = elements.id
WHERE ((((elements_i18n.locale = :locale) AND (content.locale = :locale)) AND (elements.archived = 0)) AND (elements.enabled = 1)) AND (elements_i18n.enabled = 1)
GROUP BY `elements`.`id`
ORDER BY `name` LIMIT 100. Bound with :locale='en_us'
in /home/jack/craft/app/services/ElementsService.php (249)
in /home/jack/craft/app/models/ElementCriteriaModel.php (254)
in /home/jack/craft/app/services/GlobalsService.php (96)
2015/09/09 19:43:26 [profile] [system.db.CDbCommand.query] begin:system.db.CDbCommand.query(SELECT `elements`.`id`, `elements`.`type`, `elements`.`enabled`, `elements`.`archived`, `elements`.`dateCreated`, `elements`.`dateUpdated`, `elements_i18n`.`slug`, `elements_i18n`.`uri`, `elements_i18n`.`enabled` AS `localeEnabled`, `content`.`id` AS `contentId`, `content`.`field_articleSummary`, `content`.`field_body`, `content`.`field_globalSet`, `globalsets`.`name`, `globalsets`.`handle`, `globalsets`.`fieldLayoutId`
FROM `craft_elements` `elements`
JOIN `craft_elements_i18n` `elements_i18n` ON elements_i18n.elementId = elements.id
JOIN `craft_content` `content` ON content.elementId = elements.id
JOIN `craft_globalsets` `globalsets` ON globalsets.id = elements.id
WHERE ((((elements_i18n.locale = :locale) AND (content.locale = :locale)) AND (elements.archived = 0)) AND (elements.enabled = 1)) AND (elements_i18n.enabled = 1)
GROUP BY `elements`.`id`
ORDER BY `name` LIMIT 100. Bound with :locale='en_us')
2015/09/09 19:43:26 [profile] [system.db.CDbCommand.query] end:system.db.CDbCommand.query(SELECT `elements`.`id`, `elements`.`type`, `elements`.`enabled`, `elements`.`archived`, `elements`.`dateCreated`, `elements`.`dateUpdated`, `elements_i18n`.`slug`, `elements_i18n`.`uri`, `elements_i18n`.`enabled` AS `localeEnabled`, `content`.`id` AS `contentId`, `content`.`field_articleSummary`, `content`.`field_body`, `content`.`field_globalSet`, `globalsets`.`name`, `globalsets`.`handle`, `globalsets`.`fieldLayoutId`
FROM `craft_elements` `elements`
JOIN `craft_elements_i18n` `elements_i18n` ON elements_i18n.elementId = elements.id
JOIN `craft_content` `content` ON content.elementId = elements.id
JOIN `craft_globalsets` `globalsets` ON globalsets.id = elements.id
WHERE ((((elements_i18n.locale = :locale) AND (content.locale = :locale)) AND (elements.archived = 0)) AND (elements.enabled = 1)) AND (elements_i18n.enabled = 1)
GROUP BY `elements`.`id`
ORDER BY `name` LIMIT 100. Bound with :locale='en_us')

******************************************************************************************************
2015/09/09 19:43:31 [info] [application] $_GET=array (
  'p' => 'portfolio',
)

$_SERVER=array (
  'DOCUMENT_ROOT' => '/home/jack/public_html',
  'GATEWAY_INTERFACE' => 'CGI/1.1',
  'HTTP_ACCEPT' => 'text/html,text/plain,text/xml,text/*,application/xml,application/xhtml+xml,application/rss+xml,application/atom+xml,application/rdf+xml,application/php,application/x-php,application/x-httpd-php',
  'HTTP_ACCEPT_ENCODING' => 'gzip',
  'HTTP_ACCEPT_LANGUAGE' => 'en',
  'HTTP_CONNECTION' => 'close',
  'HTTP_HOST' => 'jackmcgreevy.com',
  'HTTP_USER_AGENT' => 'Mozilla/5.0 (compatible; MJ12bot/v1.4.5; http://www.majestic12.co.uk/bot.php?+)',
  'PATH' => '/bin:/usr/bin',
  'QUERY_STRING' => 'p=portfolio',
  'REDIRECT_QUERY_STRING' => 'p=portfolio',
  'REDIRECT_STATUS' => '200',
  'REDIRECT_UNIQUE_ID' => 'VfCL4zIcNhgAAH@fKcYAAAAA',
  'REDIRECT_URL' => '/portfolio',
  'REMOTE_ADDR' => '178.202.133.84',
  'REMOTE_PORT' => '46455',
  'REQUEST_METHOD' => 'GET',
  'REQUEST_URI' => '/portfolio',
  'SCRIPT_FILENAME' => '/home/jack/public_html/index.php',
  'SCRIPT_NAME' => '/index.php',
  'SERVER_ADDR' => '50.28.54.24',
  'SERVER_ADMIN' => 'webmaster@jackmcgreevy.com',
  'SERVER_NAME' => 'jackmcgreevy.com',
  'SERVER_PORT' => '80',
  'SERVER_PROTOCOL' => 'HTTP/1.0',
  'SERVER_SIGNATURE' => '',
  'SERVER_SOFTWARE' => 'Apache/2.2.29 (Unix) mod_ssl/2.2.29 OpenSSL/1.0.1e-fips mod_bwlimited/1.4',
  'UNIQUE_ID' => 'VfCL4zIcNhgAAH@fKcYAAAAA',
  'PHP_SELF' => '/index.php',
  'REQUEST_TIME_FLOAT' => 1441827811.399753093719482421875,
  'REQUEST_TIME' => 1441827811,
  'argv' => 
  array (
    0 => 'p=portfolio',
  ),
  'argc' => 1,
)
2015/09/09 19:43:31 [trace] [system.CModule] Loading "log" application component
in /home/jack/craft/app/etc/web/WebApp.php (584)
in /home/jack/craft/app/etc/web/WebApp.php (124)
in /home/jack/craft/app/bootstrap.php (189)
2015/09/09 19:43:31 [trace] [system.CModule] Loading "coreMessages" application component
in /home/jack/craft/app/etc/web/WebApp.php (584)
in /home/jack/craft/app/etc/web/WebApp.php (127)
in /home/jack/craft/app/bootstrap.php (189)
2015/09/09 19:43:31 [trace] [system.db.CDbConnection] Opening DB connection
in /home/jack/craft/app/etc/behaviors/AppBehavior.php (819)
in /home/jack/craft/app/etc/web/WebApp.php (580)
in /home/jack/craft/app/etc/behaviors/AppBehavior.php (80)
2015/09/09 19:43:31 [trace] [system.db.CDbCommand] Querying SQL: SHOW TABLES LIKE 'craft_%'
in /home/jack/craft/app/etc/db/schemas/MysqlSchema.php (295)
in /home/jack/craft/app/etc/db/DbConnection.php (90)
in /home/jack/craft/app/etc/behaviors/AppBehavior.php (98)
2015/09/09 19:43:31 [profile] [system.db.CDbCommand.query] begin:system.db.CDbCommand.query(SHOW TABLES LIKE 'craft_%')
2015/09/09 19:43:31 [profile] [system.db.CDbCommand.query] end:system.db.CDbCommand.query(SHOW TABLES LIKE 'craft_%')
2015/09/09 19:43:31 [trace] [system.db.CDbCommand] Querying SQL: SELECT *
FROM `craft_info` LIMIT 1
in /home/jack/craft/app/etc/behaviors/AppBehavior.php (493)
in /home/jack/craft/app/etc/behaviors/AppBehavior.php (187)
in /home/jack/craft/app/etc/web/WebApp.php (719)
2015/09/09 19:43:31 [profile] [system.db.CDbCommand.query] begin:system.db.CDbCommand.query(SELECT *
FROM `craft_info` LIMIT 1)
2015/09/09 19:43:31 [profile] [system.db.CDbCommand.query] end:system.db.CDbCommand.query(SELECT *
FROM `craft_info` LIMIT 1)
2015/09/09 19:43:31 [trace] [system.CModule] Loading "userSession" application component
in /home/jack/craft/app/etc/web/WebApp.php (584)
in /home/jack/craft/app/etc/web/WebApp.php (158)
in /home/jack/craft/app/index.php (62)
2015/09/09 19:43:31 [trace] [system.CModule] Loading "httpSession" application component
in /home/jack/craft/app/etc/web/WebApp.php (584)
in /home/jack/craft/app/etc/web/WebApp.php (477)
in /home/jack/craft/app/services/UserSessionService.php (92)
2015/09/09 19:43:31 [trace] [system.CModule] Loading "session" application component
in /home/jack/craft/app/etc/web/WebApp.php (584)
in /home/jack/craft/app/services/UserSessionService.php (1087)
in /home/jack/craft/app/services/UserSessionService.php (376)
2015/09/09 19:43:31 [trace] [system.CModule] Loading "updates" application component
in /home/jack/craft/app/etc/web/WebApp.php (584)
in /home/jack/craft/app/etc/web/WebApp.php (206)
in /home/jack/craft/app/index.php (62)
2015/09/09 19:43:31 [trace] [system.CModule] Loading "plugins" application component
in /home/jack/craft/app/etc/web/WebApp.php (584)
in /home/jack/craft/app/etc/web/WebApp.php (246)
in /home/jack/craft/app/index.php (62)
2015/09/09 19:43:31 [trace] [system.db.CDbCommand] Querying SQL: SELECT `id`, `class`, `version`, `settings`, `installDate`
FROM `craft_plugins`
WHERE enabled=1
in /home/jack/craft/app/services/PluginsService.php (102)
in /home/jack/craft/app/etc/web/WebApp.php (246)
in /home/jack/craft/app/index.php (62)
2015/09/09 19:43:31 [profile] [system.db.CDbCommand.query] begin:system.db.CDbCommand.query(SELECT `id`, `class`, `version`, `settings`, `installDate`
FROM `craft_plugins`
WHERE enabled=1)
2015/09/09 19:43:31 [profile] [system.db.CDbCommand.query] end:system.db.CDbCommand.query(SELECT `id`, `class`, `version`, `settings`, `installDate`
FROM `craft_plugins`
WHERE enabled=1)
2015/09/09 19:43:31 [trace] [system.CModule] Loading "urlManager" application component
in /home/jack/craft/app/etc/web/WebApp.php (584)
in /home/jack/craft/app/etc/web/WebApp.php (279)
in /home/jack/craft/app/index.php (62)
2015/09/09 19:43:31 [trace] [system.CModule] Loading "elements" application component
in /home/jack/craft/app/etc/web/WebApp.php (584)
in /home/jack/craft/app/etc/web/UrlManager.php (278)
in /home/jack/craft/app/etc/web/UrlManager.php (137)
2015/09/09 19:43:31 [trace] [system.CModule] Loading "i18n" application component
in /home/jack/craft/app/etc/web/WebApp.php (584)
in /home/jack/craft/app/etc/behaviors/AppBehavior.php (791)
in /home/jack/craft/app/etc/behaviors/AppBehavior.php (571)
2015/09/09 19:43:31 [trace] [system.db.CDbCommand] Querying SQL: SELECT `locale`
FROM `craft_locales`
ORDER BY `sortOrder`
in /home/jack/craft/app/services/LocalizationService.php (126)
in /home/jack/craft/app/services/LocalizationService.php (150)
in /home/jack/craft/app/services/LocalizationService.php (162)
2015/09/09 19:43:31 [profile] [system.db.CDbCommand.query] begin:system.db.CDbCommand.query(SELECT `locale`
FROM `craft_locales`
ORDER BY `sortOrder`)
2015/09/09 19:43:31 [profile] [system.db.CDbCommand.query] end:system.db.CDbCommand.query(SELECT `locale`
FROM `craft_locales`
ORDER BY `sortOrder`)
2015/09/09 19:43:31 [trace] [system.db.CDbCommand] Querying SQL: SELECT `elements`.`id`, `elements`.`type`
FROM `craft_elements` `elements`
JOIN `craft_elements_i18n` `elements_i18n` ON elements_i18n.elementId = elements.id
WHERE (elements_i18n.uri = :uri) AND (elements_i18n.locale = :locale) AND (elements_i18n.enabled = 1) AND (elements.enabled = 1) AND (elements.archived = 0). Bound with :uri='portfolio', :locale='en_us'
in /home/jack/craft/app/services/ElementsService.php (147)
in /home/jack/craft/app/etc/web/UrlManager.php (278)
in /home/jack/craft/app/etc/web/UrlManager.php (137)
2015/09/09 19:43:31 [profile] [system.db.CDbCommand.query] begin:system.db.CDbCommand.query(SELECT `elements`.`id`, `elements`.`type`
FROM `craft_elements` `elements`
JOIN `craft_elements_i18n` `elements_i18n` ON elements_i18n.elementId = elements.id
WHERE (elements_i18n.uri = :uri) AND (elements_i18n.locale = :locale) AND (elements_i18n.enabled = 1) AND (elements.enabled = 1) AND (elements.archived = 0). Bound with :uri='portfolio', :locale='en_us')
2015/09/09 19:43:31 [profile] [system.db.CDbCommand.query] end:system.db.CDbCommand.query(SELECT `elements`.`id`, `elements`.`type`
FROM `craft_elements` `elements`
JOIN `craft_elements_i18n` `elements_i18n` ON elements_i18n.elementId = elements.id
WHERE (elements_i18n.uri = :uri) AND (elements_i18n.locale = :locale) AND (elements_i18n.enabled = 1) AND (elements.enabled = 1) AND (elements.archived = 0). Bound with :uri='portfolio', :locale='en_us')
2015/09/09 19:43:31 [trace] [system.CModule] Loading "routes" application component
in /home/jack/craft/app/etc/web/WebApp.php (584)
in /home/jack/craft/app/etc/web/UrlManager.php (336)
in /home/jack/craft/app/etc/web/UrlManager.php (153)
2015/09/09 19:43:31 [trace] [system.db.CDbCommand] Querying SQL: SELECT `urlPattern`, `template`
FROM `craft_routes`
WHERE (locale is null) OR (locale = :locale)
ORDER BY `sortOrder`. Bound with :locale='en_us'
in /home/jack/craft/app/services/RoutesService.php (65)
in /home/jack/craft/app/etc/web/UrlManager.php (343)
in /home/jack/craft/app/etc/web/UrlManager.php (153)
2015/09/09 19:43:31 [profile] [system.db.CDbCommand.query] begin:system.db.CDbCommand.query(SELECT `urlPattern`, `template`
FROM `craft_routes`
WHERE (locale is null) OR (locale = :locale)
ORDER BY `sortOrder`. Bound with :locale='en_us')
2015/09/09 19:43:31 [profile] [system.db.CDbCommand.query] end:system.db.CDbCommand.query(SELECT `urlPattern`, `template`
FROM `craft_routes`
WHERE (locale is null) OR (locale = :locale)
ORDER BY `sortOrder`. Bound with :locale='en_us')
2015/09/09 19:43:31 [trace] [system.CModule] Loading "templates" application component
in /home/jack/craft/app/etc/web/WebApp.php (584)
in /home/jack/craft/app/controllers/TemplatesController.php (53)
in /home/jack/craft/app/etc/web/WebApp.php (279)
2015/09/09 19:43:31 [trace] [system.CModule] Loading "globals" application component
in /home/jack/craft/app/etc/web/WebApp.php (584)
in /home/jack/craft/app/etc/templating/twigextensions/CraftTwigExtension.php (466)
in /home/jack/craft/app/vendor/twig/twig/lib/Twig/Environment.php (1169)
2015/09/09 19:43:31 [trace] [system.CModule] Loading "components" application component
in /home/jack/craft/app/etc/web/WebApp.php (584)
in /home/jack/craft/app/services/ElementsService.php (1768)
in /home/jack/craft/app/services/ElementsService.php (51)
2015/09/09 19:43:31 [trace] [system.CModule] Loading "content" application component
in /home/jack/craft/app/etc/web/WebApp.php (584)
in /home/jack/craft/app/elementtypes/BaseElementType.php (356)
in /home/jack/craft/app/elementtypes/BaseElementType.php (378)
2015/09/09 19:43:31 [trace] [system.CModule] Loading "fields" application component
in /home/jack/craft/app/etc/web/WebApp.php (584)
in /home/jack/craft/app/elementtypes/BaseElementType.php (360)
in /home/jack/craft/app/elementtypes/BaseElementType.php (378)
2015/09/09 19:43:31 [trace] [system.db.CDbCommand] Querying SQL: SELECT `id`, `groupId`, `name`, `handle`, `context`, `instructions`, `translatable`, `type`, `settings`
FROM `craft_fields`
WHERE `context` IN ('global')
ORDER BY `name`
in /home/jack/craft/app/services/FieldsService.php (246)
in /home/jack/craft/app/elementtypes/BaseElementType.php (360)
in /home/jack/craft/app/elementtypes/BaseElementType.php (378)
2015/09/09 19:43:31 [profile] [system.db.CDbCommand.query] begin:system.db.CDbCommand.query(SELECT `id`, `groupId`, `name`, `handle`, `context`, `instructions`, `translatable`, `type`, `settings`
FROM `craft_fields`
WHERE `context` IN ('global')
ORDER BY `name`)
2015/09/09 19:43:31 [profile] [system.db.CDbCommand.query] end:system.db.CDbCommand.query(SELECT `id`, `groupId`, `name`, `handle`, `context`, `instructions`, `translatable`, `type`, `settings`
FROM `craft_fields`
WHERE `context` IN ('global')
ORDER BY `name`)
2015/09/09 19:43:31 [trace] [system.CModule] Loading "messages" application component
in /home/jack/craft/app/etc/web/WebApp.php (584)
in /home/jack/craft/app/Craft.php (382)
in /home/jack/craft/app/fieldtypes/AssetsFieldType.php (312)
2015/09/09 19:43:31 [trace] [system.db.CDbCommand] Querying SQL: SELECT `elements`.`id`, `elements`.`type`, `elements`.`enabled`, `elements`.`archived`, `elements`.`dateCreated`, `elements`.`dateUpdated`, `elements_i18n`.`slug`, `elements_i18n`.`uri`, `elements_i18n`.`enabled` AS `localeEnabled`, `content`.`id` AS `contentId`, `content`.`field_articleSummary`, `content`.`field_body`, `content`.`field_globalSet`, `globalsets`.`name`, `globalsets`.`handle`, `globalsets`.`fieldLayoutId`
FROM `craft_elements` `elements`
JOIN `craft_elements_i18n` `elements_i18n` ON elements_i18n.elementId = elements.id
JOIN `craft_content` `content` ON content.elementId = elements.id
JOIN `craft_globalsets` `globalsets` ON globalsets.id = elements.id
WHERE ((((elements_i18n.locale = :locale) AND (content.locale = :locale)) AND (elements.archived = 0)) AND (elements.enabled = 1)) AND (elements_i18n.enabled = 1)
GROUP BY `elements`.`id`
ORDER BY `name` LIMIT 100. Bound with :locale='en_us'
in /home/jack/craft/app/services/ElementsService.php (249)
in /home/jack/craft/app/models/ElementCriteriaModel.php (254)
in /home/jack/craft/app/services/GlobalsService.php (96)
2015/09/09 19:43:31 [profile] [system.db.CDbCommand.query] begin:system.db.CDbCommand.query(SELECT `elements`.`id`, `elements`.`type`, `elements`.`enabled`, `elements`.`archived`, `elements`.`dateCreated`, `elements`.`dateUpdated`, `elements_i18n`.`slug`, `elements_i18n`.`uri`, `elements_i18n`.`enabled` AS `localeEnabled`, `content`.`id` AS `contentId`, `content`.`field_articleSummary`, `content`.`field_body`, `content`.`field_globalSet`, `globalsets`.`name`, `globalsets`.`handle`, `globalsets`.`fieldLayoutId`
FROM `craft_elements` `elements`
JOIN `craft_elements_i18n` `elements_i18n` ON elements_i18n.elementId = elements.id
JOIN `craft_content` `content` ON content.elementId = elements.id
JOIN `craft_globalsets` `globalsets` ON globalsets.id = elements.id
WHERE ((((elements_i18n.locale = :locale) AND (content.locale = :locale)) AND (elements.archived = 0)) AND (elements.enabled = 1)) AND (elements_i18n.enabled = 1)
GROUP BY `elements`.`id`
ORDER BY `name` LIMIT 100. Bound with :locale='en_us')
2015/09/09 19:43:31 [profile] [system.db.CDbCommand.query] end:system.db.CDbCommand.query(SELECT `elements`.`id`, `elements`.`type`, `elements`.`enabled`, `elements`.`archived`, `elements`.`dateCreated`, `elements`.`dateUpdated`, `elements_i18n`.`slug`, `elements_i18n`.`uri`, `elements_i18n`.`enabled` AS `localeEnabled`, `content`.`id` AS `contentId`, `content`.`field_articleSummary`, `content`.`field_body`, `content`.`field_globalSet`, `globalsets`.`name`, `globalsets`.`handle`, `globalsets`.`fieldLayoutId`
FROM `craft_elements` `elements`
JOIN `craft_elements_i18n` `elements_i18n` ON elements_i18n.elementId = elements.id
JOIN `craft_content` `content` ON content.elementId = elements.id
JOIN `craft_globalsets` `globalsets` ON globalsets.id = elements.id
WHERE ((((elements_i18n.locale = :locale) AND (content.locale = :locale)) AND (elements.archived = 0)) AND (elements.enabled = 1)) AND (elements_i18n.enabled = 1)
GROUP BY `elements`.`id`
ORDER BY `name` LIMIT 100. Bound with :locale='en_us')

******************************************************************************************************
2015/09/09 19:43:36 [info] [application] $_GET=array (
  'p' => 'services',
)

$_SERVER=array (
  'DOCUMENT_ROOT' => '/home/jack/public_html',
  'GATEWAY_INTERFACE' => 'CGI/1.1',
  'HTTP_ACCEPT' => 'text/html,text/plain,text/xml,text/*,application/xml,application/xhtml+xml,application/rss+xml,application/atom+xml,application/rdf+xml,application/php,application/x-php,application/x-httpd-php',
  'HTTP_ACCEPT_ENCODING' => 'gzip',
  'HTTP_ACCEPT_LANGUAGE' => 'en',
  'HTTP_CONNECTION' => 'close',
  'HTTP_HOST' => 'jackmcgreevy.com',
  'HTTP_USER_AGENT' => 'Mozilla/5.0 (compatible; MJ12bot/v1.4.5; http://www.majestic12.co.uk/bot.php?+)',
  'PATH' => '/bin:/usr/bin',
  'QUERY_STRING' => 'p=services',
  'REDIRECT_QUERY_STRING' => 'p=services',
  'REDIRECT_STATUS' => '200',
  'REDIRECT_UNIQUE_ID' => 'VfCL6DIcNhgAAH@fKccAAAAA',
  'REDIRECT_URL' => '/services',
  'REMOTE_ADDR' => '178.202.133.84',
  'REMOTE_PORT' => '46723',
  'REQUEST_METHOD' => 'GET',
  'REQUEST_URI' => '/services',
  'SCRIPT_FILENAME' => '/home/jack/public_html/index.php',
  'SCRIPT_NAME' => '/index.php',
  'SERVER_ADDR' => '50.28.54.24',
  'SERVER_ADMIN' => 'webmaster@jackmcgreevy.com',
  'SERVER_NAME' => 'jackmcgreevy.com',
  'SERVER_PORT' => '80',
  'SERVER_PROTOCOL' => 'HTTP/1.0',
  'SERVER_SIGNATURE' => '',
  'SERVER_SOFTWARE' => 'Apache/2.2.29 (Unix) mod_ssl/2.2.29 OpenSSL/1.0.1e-fips mod_bwlimited/1.4',
  'UNIQUE_ID' => 'VfCL6DIcNhgAAH@fKccAAAAA',
  'PHP_SELF' => '/index.php',
  'REQUEST_TIME_FLOAT' => 1441827816.2446269989013671875,
  'REQUEST_TIME' => 1441827816,
  'argv' => 
  array (
    0 => 'p=services',
  ),
  'argc' => 1,
)
2015/09/09 19:43:36 [trace] [system.CModule] Loading "log" application component
in /home/jack/craft/app/etc/web/WebApp.php (584)
in /home/jack/craft/app/etc/web/WebApp.php (124)
in /home/jack/craft/app/bootstrap.php (189)
2015/09/09 19:43:36 [trace] [system.CModule] Loading "coreMessages" application component
in /home/jack/craft/app/etc/web/WebApp.php (584)
in /home/jack/craft/app/etc/web/WebApp.php (127)
in /home/jack/craft/app/bootstrap.php (189)
2015/09/09 19:43:36 [trace] [system.db.CDbConnection] Opening DB connection
in /home/jack/craft/app/etc/behaviors/AppBehavior.php (819)
in /home/jack/craft/app/etc/web/WebApp.php (580)
in /home/jack/craft/app/etc/behaviors/AppBehavior.php (80)
2015/09/09 19:43:36 [trace] [system.db.CDbCommand] Querying SQL: SHOW TABLES LIKE 'craft_%'
in /home/jack/craft/app/etc/db/schemas/MysqlSchema.php (295)
in /home/jack/craft/app/etc/db/DbConnection.php (90)
in /home/jack/craft/app/etc/behaviors/AppBehavior.php (98)
2015/09/09 19:43:36 [profile] [system.db.CDbCommand.query] begin:system.db.CDbCommand.query(SHOW TABLES LIKE 'craft_%')
2015/09/09 19:43:36 [profile] [system.db.CDbCommand.query] end:system.db.CDbCommand.query(SHOW TABLES LIKE 'craft_%')
2015/09/09 19:43:36 [trace] [system.db.CDbCommand] Querying SQL: SELECT *
FROM `craft_info` LIMIT 1
in /home/jack/craft/app/etc/behaviors/AppBehavior.php (493)
in /home/jack/craft/app/etc/behaviors/AppBehavior.php (187)
in /home/jack/craft/app/etc/web/WebApp.php (719)
2015/09/09 19:43:36 [profile] [system.db.CDbCommand.query] begin:system.db.CDbCommand.query(SELECT *
FROM `craft_info` LIMIT 1)
2015/09/09 19:43:36 [profile] [system.db.CDbCommand.query] end:system.db.CDbCommand.query(SELECT *
FROM `craft_info` LIMIT 1)
2015/09/09 19:43:36 [trace] [system.CModule] Loading "userSession" application component
in /home/jack/craft/app/etc/web/WebApp.php (584)
in /home/jack/craft/app/etc/web/WebApp.php (158)
in /home/jack/craft/app/index.php (62)
2015/09/09 19:43:36 [trace] [system.CModule] Loading "httpSession" application component
in /home/jack/craft/app/etc/web/WebApp.php (584)
in /home/jack/craft/app/etc/web/WebApp.php (477)
in /home/jack/craft/app/services/UserSessionService.php (92)
2015/09/09 19:43:36 [trace] [system.CModule] Loading "session" application component
in /home/jack/craft/app/etc/web/WebApp.php (584)
in /home/jack/craft/app/services/UserSessionService.php (1087)
in /home/jack/craft/app/services/UserSessionService.php (376)
2015/09/09 19:43:36 [trace] [system.CModule] Loading "updates" application component
in /home/jack/craft/app/etc/web/WebApp.php (584)
in /home/jack/craft/app/etc/web/WebApp.php (206)
in /home/jack/craft/app/index.php (62)
2015/09/09 19:43:36 [trace] [system.CModule] Loading "plugins" application component
in /home/jack/craft/app/etc/web/WebApp.php (584)
in /home/jack/craft/app/etc/web/WebApp.php (246)
in /home/jack/craft/app/index.php (62)
2015/09/09 19:43:36 [trace] [system.db.CDbCommand] Querying SQL: SELECT `id`, `class`, `version`, `settings`, `installDate`
FROM `craft_plugins`
WHERE enabled=1
in /home/jack/craft/app/services/PluginsService.php (102)
in /home/jack/craft/app/etc/web/WebApp.php (246)
in /home/jack/craft/app/index.php (62)
2015/09/09 19:43:36 [profile] [system.db.CDbCommand.query] begin:system.db.CDbCommand.query(SELECT `id`, `class`, `version`, `settings`, `installDate`
FROM `craft_plugins`
WHERE enabled=1)
2015/09/09 19:43:36 [profile] [system.db.CDbCommand.query] end:system.db.CDbCommand.query(SELECT `id`, `class`, `version`, `settings`, `installDate`
FROM `craft_plugins`
WHERE enabled=1)
2015/09/09 19:43:36 [trace] [system.CModule] Loading "urlManager" application component
in /home/jack/craft/app/etc/web/WebApp.php (584)
in /home/jack/craft/app/etc/web/WebApp.php (279)
in /home/jack/craft/app/index.php (62)
2015/09/09 19:43:36 [trace] [system.CModule] Loading "elements" application component
in /home/jack/craft/app/etc/web/WebApp.php (584)
in /home/jack/craft/app/etc/web/UrlManager.php (278)
in /home/jack/craft/app/etc/web/UrlManager.php (137)
2015/09/09 19:43:36 [trace] [system.CModule] Loading "i18n" application component
in /home/jack/craft/app/etc/web/WebApp.php (584)
in /home/jack/craft/app/etc/behaviors/AppBehavior.php (791)
in /home/jack/craft/app/etc/behaviors/AppBehavior.php (571)
2015/09/09 19:43:36 [trace] [system.db.CDbCommand] Querying SQL: SELECT `locale`
FROM `craft_locales`
ORDER BY `sortOrder`
in /home/jack/craft/app/services/LocalizationService.php (126)
in /home/jack/craft/app/services/LocalizationService.php (150)
in /home/jack/craft/app/services/LocalizationService.php (162)
2015/09/09 19:43:36 [profile] [system.db.CDbCommand.query] begin:system.db.CDbCommand.query(SELECT `locale`
FROM `craft_locales`
ORDER BY `sortOrder`)
2015/09/09 19:43:36 [profile] [system.db.CDbCommand.query] end:system.db.CDbCommand.query(SELECT `locale`
FROM `craft_locales`
ORDER BY `sortOrder`)
2015/09/09 19:43:36 [trace] [system.db.CDbCommand] Querying SQL: SELECT `elements`.`id`, `elements`.`type`
FROM `craft_elements` `elements`
JOIN `craft_elements_i18n` `elements_i18n` ON elements_i18n.elementId = elements.id
WHERE (elements_i18n.uri = :uri) AND (elements_i18n.locale = :locale) AND (elements_i18n.enabled = 1) AND (elements.enabled = 1) AND (elements.archived = 0). Bound with :uri='services', :locale='en_us'
in /home/jack/craft/app/services/ElementsService.php (147)
in /home/jack/craft/app/etc/web/UrlManager.php (278)
in /home/jack/craft/app/etc/web/UrlManager.php (137)
2015/09/09 19:43:36 [profile] [system.db.CDbCommand.query] begin:system.db.CDbCommand.query(SELECT `elements`.`id`, `elements`.`type`
FROM `craft_elements` `elements`
JOIN `craft_elements_i18n` `elements_i18n` ON elements_i18n.elementId = elements.id
WHERE (elements_i18n.uri = :uri) AND (elements_i18n.locale = :locale) AND (elements_i18n.enabled = 1) AND (elements.enabled = 1) AND (elements.archived = 0). Bound with :uri='services', :locale='en_us')
2015/09/09 19:43:36 [profile] [system.db.CDbCommand.query] end:system.db.CDbCommand.query(SELECT `elements`.`id`, `elements`.`type`
FROM `craft_elements` `elements`
JOIN `craft_elements_i18n` `elements_i18n` ON elements_i18n.elementId = elements.id
WHERE (elements_i18n.uri = :uri) AND (elements_i18n.locale = :locale) AND (elements_i18n.enabled = 1) AND (elements.enabled = 1) AND (elements.archived = 0). Bound with :uri='services', :locale='en_us')
2015/09/09 19:43:36 [trace] [system.CModule] Loading "components" application component
in /home/jack/craft/app/etc/web/WebApp.php (584)
in /home/jack/craft/app/services/ElementsService.php (1768)
in /home/jack/craft/app/services/ElementsService.php (51)
2015/09/09 19:43:36 [trace] [system.CModule] Loading "content" application component
in /home/jack/craft/app/etc/web/WebApp.php (584)
in /home/jack/craft/app/elementtypes/BaseElementType.php (356)
in /home/jack/craft/app/elementtypes/BaseElementType.php (378)
2015/09/09 19:43:36 [trace] [system.CModule] Loading "fields" application component
in /home/jack/craft/app/etc/web/WebApp.php (584)
in /home/jack/craft/app/elementtypes/BaseElementType.php (360)
in /home/jack/craft/app/elementtypes/BaseElementType.php (378)
2015/09/09 19:43:36 [trace] [system.db.CDbCommand] Querying SQL: SELECT `id`, `groupId`, `name`, `handle`, `context`, `instructions`, `translatable`, `type`, `settings`
FROM `craft_fields`
WHERE `context` IN ('global')
ORDER BY `name`
in /home/jack/craft/app/services/FieldsService.php (246)
in /home/jack/craft/app/elementtypes/BaseElementType.php (360)
in /home/jack/craft/app/elementtypes/BaseElementType.php (378)
2015/09/09 19:43:36 [profile] [system.db.CDbCommand.query] begin:system.db.CDbCommand.query(SELECT `id`, `groupId`, `name`, `handle`, `context`, `instructions`, `translatable`, `type`, `settings`
FROM `craft_fields`
WHERE `context` IN ('global')
ORDER BY `name`)
2015/09/09 19:43:36 [profile] [system.db.CDbCommand.query] end:system.db.CDbCommand.query(SELECT `id`, `groupId`, `name`, `handle`, `context`, `instructions`, `translatable`, `type`, `settings`
FROM `craft_fields`
WHERE `context` IN ('global')
ORDER BY `name`)
2015/09/09 19:43:36 [trace] [system.CModule] Loading "messages" application component
in /home/jack/craft/app/etc/web/WebApp.php (584)
in /home/jack/craft/app/Craft.php (382)
in /home/jack/craft/app/fieldtypes/AssetsFieldType.php (312)
2015/09/09 19:43:36 [trace] [system.db.CDbCommand] Querying SQL: SELECT `elements`.`id`, `elements`.`type`, `elements`.`enabled`, `elements`.`archived`, `elements`.`dateCreated`, `elements`.`dateUpdated`, `elements_i18n`.`slug`, `elements_i18n`.`uri`, `elements_i18n`.`enabled` AS `localeEnabled`, `content`.`id` AS `contentId`, `content`.`title`, `content`.`field_articleSummary`, `content`.`field_body`, `content`.`field_globalSet`, `entries`.`sectionId`, `entries`.`typeId`, `entries`.`authorId`, `entries`.`postDate`, `entries`.`expiryDate`, `structureelements`.`root`, `structureelements`.`lft`, `structureelements`.`rgt`, `structureelements`.`level`
FROM `craft_elements` `elements`
JOIN `craft_elements_i18n` `elements_i18n` ON elements_i18n.elementId = elements.id
JOIN `craft_content` `content` ON content.elementId = elements.id
JOIN `craft_entries` `entries` ON entries.id = elements.id
JOIN `craft_sections` `sections` ON sections.id = entries.sectionId
LEFT JOIN `craft_structures` `structures` ON structures.id = sections.structureId
LEFT JOIN `craft_structureelements` `structureelements` ON (structureelements.structureId = structures.id) AND (structureelements.elementId = entries.id)
WHERE (((elements_i18n.locale = :locale) AND (content.locale = :locale)) AND (elements.id=:elementsid1)) AND (elements.archived = 0)
GROUP BY `elements`.`id`
ORDER BY `lft`, `postDate` DESC LIMIT 1. Bound with :locale='en_us', :elementsid1='6'
in /home/jack/craft/app/services/ElementsService.php (249)
in /home/jack/craft/app/models/ElementCriteriaModel.php (254)
in /home/jack/craft/app/models/ElementCriteriaModel.php (275)
2015/09/09 19:43:36 [profile] [system.db.CDbCommand.query] begin:system.db.CDbCommand.query(SELECT `elements`.`id`, `elements`.`type`, `elements`.`enabled`, `elements`.`archived`, `elements`.`dateCreated`, `elements`.`dateUpdated`, `elements_i18n`.`slug`, `elements_i18n`.`uri`, `elements_i18n`.`enabled` AS `localeEnabled`, `content`.`id` AS `contentId`, `content`.`title`, `content`.`field_articleSummary`, `content`.`field_body`, `content`.`field_globalSet`, `entries`.`sectionId`, `entries`.`typeId`, `entries`.`authorId`, `entries`.`postDate`, `entries`.`expiryDate`, `structureelements`.`root`, `structureelements`.`lft`, `structureelements`.`rgt`, `structureelements`.`level`
FROM `craft_elements` `elements`
JOIN `craft_elements_i18n` `elements_i18n` ON elements_i18n.elementId = elements.id
JOIN `craft_content` `content` ON content.elementId = elements.id
JOIN `craft_entries` `entries` ON entries.id = elements.id
JOIN `craft_sections` `sections` ON sections.id = entries.sectionId
LEFT JOIN `craft_structures` `structures` ON structures.id = sections.structureId
LEFT JOIN `craft_structureelements` `structureelements` ON (structureelements.structureId = structures.id) AND (structureelements.elementId = entries.id)
WHERE (((elements_i18n.locale = :locale) AND (content.locale = :locale)) AND (elements.id=:elementsid1)) AND (elements.archived = 0)
GROUP BY `elements`.`id`
ORDER BY `lft`, `postDate` DESC LIMIT 1. Bound with :locale='en_us', :elementsid1='6')
2015/09/09 19:43:36 [profile] [system.db.CDbCommand.query] end:system.db.CDbCommand.query(SELECT `elements`.`id`, `elements`.`type`, `elements`.`enabled`, `elements`.`archived`, `elements`.`dateCreated`, `elements`.`dateUpdated`, `elements_i18n`.`slug`, `elements_i18n`.`uri`, `elements_i18n`.`enabled` AS `localeEnabled`, `content`.`id` AS `contentId`, `content`.`title`, `content`.`field_articleSummary`, `content`.`field_body`, `content`.`field_globalSet`, `entries`.`sectionId`, `entries`.`typeId`, `entries`.`authorId`, `entries`.`postDate`, `entries`.`expiryDate`, `structureelements`.`root`, `structureelements`.`lft`, `structureelements`.`rgt`, `structureelements`.`level`
FROM `craft_elements` `elements`
JOIN `craft_elements_i18n` `elements_i18n` ON elements_i18n.elementId = elements.id
JOIN `craft_content` `content` ON content.elementId = elements.id
JOIN `craft_entries` `entries` ON entries.id = elements.id
JOIN `craft_sections` `sections` ON sections.id = entries.sectionId
LEFT JOIN `craft_structures` `structures` ON structures.id = sections.structureId
LEFT JOIN `craft_structureelements` `structureelements` ON (structureelements.structureId = structures.id) AND (structureelements.elementId = entries.id)
WHERE (((elements_i18n.locale = :locale) AND (content.locale = :locale)) AND (elements.id=:elementsid1)) AND (elements.archived = 0)
GROUP BY `elements`.`id`
ORDER BY `lft`, `postDate` DESC LIMIT 1. Bound with :locale='en_us', :elementsid1='6')
2015/09/09 19:43:36 [trace] [system.CModule] Loading "sections" application component
in /home/jack/craft/app/etc/web/WebApp.php (584)
in /home/jack/craft/app/models/EntryModel.php (112)
in /home/jack/craft/app/elementtypes/EntryElementType.php (748)
2015/09/09 19:43:36 [trace] [system.db.CDbCommand] Querying SQL: SELECT `sections`.`id`, `sections`.`structureId`, `sections`.`name`, `sections`.`handle`, `sections`.`type`, `sections`.`hasUrls`, `sections`.`template`, `sections`.`enableVersioning`, `structures`.`maxLevels`
FROM `craft_sections` `sections`
LEFT JOIN `craft_structures` `structures` ON structures.id = sections.structureId
WHERE sections.id = :sectionId
ORDER BY `name`. Bound with :sectionId='5'
in /home/jack/craft/app/services/SectionsService.php (244)
in /home/jack/craft/app/models/EntryModel.php (112)
in /home/jack/craft/app/elementtypes/EntryElementType.php (748)
2015/09/09 19:43:36 [profile] [system.db.CDbCommand.query] begin:system.db.CDbCommand.query(SELECT `sections`.`id`, `sections`.`structureId`, `sections`.`name`, `sections`.`handle`, `sections`.`type`, `sections`.`hasUrls`, `sections`.`template`, `sections`.`enableVersioning`, `structures`.`maxLevels`
FROM `craft_sections` `sections`
LEFT JOIN `craft_structures` `structures` ON structures.id = sections.structureId
WHERE sections.id = :sectionId
ORDER BY `name`. Bound with :sectionId='5')
2015/09/09 19:43:36 [profile] [system.db.CDbCommand.query] end:system.db.CDbCommand.query(SELECT `sections`.`id`, `sections`.`structureId`, `sections`.`name`, `sections`.`handle`, `sections`.`type`, `sections`.`hasUrls`, `sections`.`template`, `sections`.`enableVersioning`, `structures`.`maxLevels`
FROM `craft_sections` `sections`
LEFT JOIN `craft_structures` `structures` ON structures.id = sections.structureId
WHERE sections.id = :sectionId
ORDER BY `name`. Bound with :sectionId='5')
2015/09/09 19:43:36 [trace] [system.db.CDbCommand] Querying SQL: SELECT *
FROM `craft_sections_i18n` `sections_i18n`
JOIN `craft_locales` `locales` ON locales.locale = sections_i18n.locale
WHERE sections_i18n.sectionId = :sectionId
ORDER BY `locales`.`sortOrder`. Bound with :sectionId='5'
in /home/jack/craft/app/services/SectionsService.php (302)
in /home/jack/craft/app/models/SectionModel.php (63)
in /home/jack/craft/app/elementtypes/EntryElementType.php (751)
2015/09/09 19:43:36 [profile] [system.db.CDbCommand.query] begin:system.db.CDbCommand.query(SELECT *
FROM `craft_sections_i18n` `sections_i18n`
JOIN `craft_locales` `locales` ON locales.locale = sections_i18n.locale
WHERE sections_i18n.sectionId = :sectionId
ORDER BY `locales`.`sortOrder`. Bound with :sectionId='5')
2015/09/09 19:43:36 [profile] [system.db.CDbCommand.query] end:system.db.CDbCommand.query(SELECT *
FROM `craft_sections_i18n` `sections_i18n`
JOIN `craft_locales` `locales` ON locales.locale = sections_i18n.locale
WHERE sections_i18n.sectionId = :sectionId
ORDER BY `locales`.`sortOrder`. Bound with :sectionId='5')
2015/09/09 19:43:36 [trace] [system.CModule] Loading "templates" application component
in /home/jack/craft/app/etc/web/WebApp.php (584)
in /home/jack/craft/app/controllers/TemplatesController.php (53)
in /home/jack/craft/app/etc/web/WebApp.php (279)
2015/09/09 19:43:36 [trace] [system.CModule] Loading "globals" application component
in /home/jack/craft/app/etc/web/WebApp.php (584)
in /home/jack/craft/app/etc/templating/twigextensions/CraftTwigExtension.php (466)
in /home/jack/craft/app/vendor/twig/twig/lib/Twig/Environment.php (1169)
2015/09/09 19:43:36 [trace] [system.db.CDbCommand] Querying SQL: SELECT `elements`.`id`, `elements`.`type`, `elements`.`enabled`, `elements`.`archived`, `elements`.`dateCreated`, `elements`.`dateUpdated`, `elements_i18n`.`slug`, `elements_i18n`.`uri`, `elements_i18n`.`enabled` AS `localeEnabled`, `content`.`id` AS `contentId`, `content`.`field_articleSummary`, `content`.`field_body`, `content`.`field_globalSet`, `globalsets`.`name`, `globalsets`.`handle`, `globalsets`.`fieldLayoutId`
FROM `craft_elements` `elements`
JOIN `craft_elements_i18n` `elements_i18n` ON elements_i18n.elementId = elements.id
JOIN `craft_content` `content` ON content.elementId = elements.id
JOIN `craft_globalsets` `globalsets` ON globalsets.id = elements.id
WHERE ((((elements_i18n.locale = :locale) AND (content.locale = :locale)) AND (elements.archived = 0)) AND (elements.enabled = 1)) AND (elements_i18n.enabled = 1)
GROUP BY `elements`.`id`
ORDER BY `name` LIMIT 100. Bound with :locale='en_us'
in /home/jack/craft/app/services/ElementsService.php (249)
in /home/jack/craft/app/models/ElementCriteriaModel.php (254)
in /home/jack/craft/app/services/GlobalsService.php (96)
2015/09/09 19:43:36 [profile] [system.db.CDbCommand.query] begin:system.db.CDbCommand.query(SELECT `elements`.`id`, `elements`.`type`, `elements`.`enabled`, `elements`.`archived`, `elements`.`dateCreated`, `elements`.`dateUpdated`, `elements_i18n`.`slug`, `elements_i18n`.`uri`, `elements_i18n`.`enabled` AS `localeEnabled`, `content`.`id` AS `contentId`, `content`.`field_articleSummary`, `content`.`field_body`, `content`.`field_globalSet`, `globalsets`.`name`, `globalsets`.`handle`, `globalsets`.`fieldLayoutId`
FROM `craft_elements` `elements`
JOIN `craft_elements_i18n` `elements_i18n` ON elements_i18n.elementId = elements.id
JOIN `craft_content` `content` ON content.elementId = elements.id
JOIN `craft_globalsets` `globalsets` ON globalsets.id = elements.id
WHERE ((((elements_i18n.locale = :locale) AND (content.locale = :locale)) AND (elements.archived = 0)) AND (elements.enabled = 1)) AND (elements_i18n.enabled = 1)
GROUP BY `elements`.`id`
ORDER BY `name` LIMIT 100. Bound with :locale='en_us')
2015/09/09 19:43:36 [profile] [system.db.CDbCommand.query] end:system.db.CDbCommand.query(SELECT `elements`.`id`, `elements`.`type`, `elements`.`enabled`, `elements`.`archived`, `elements`.`dateCreated`, `elements`.`dateUpdated`, `elements_i18n`.`slug`, `elements_i18n`.`uri`, `elements_i18n`.`enabled` AS `localeEnabled`, `content`.`id` AS `contentId`, `content`.`field_articleSummary`, `content`.`field_body`, `content`.`field_globalSet`, `globalsets`.`name`, `globalsets`.`handle`, `globalsets`.`fieldLayoutId`
FROM `craft_elements` `elements`
JOIN `craft_elements_i18n` `elements_i18n` ON elements_i18n.elementId = elements.id
JOIN `craft_content` `content` ON content.elementId = elements.id
JOIN `craft_globalsets` `globalsets` ON globalsets.id = elements.id
WHERE ((((elements_i18n.locale = :locale) AND (content.locale = :locale)) AND (elements.archived = 0)) AND (elements.enabled = 1)) AND (elements_i18n.enabled = 1)
GROUP BY `elements`.`id`
ORDER BY `name` LIMIT 100. Bound with :locale='en_us')

******************************************************************************************************
2015/09/09 21:24:20 [info] [application] $_SERVER=array (
  'DOCUMENT_ROOT' => '/home/jack/public_html',
  'GATEWAY_INTERFACE' => 'CGI/1.1',
  'HTTP_ACCEPT' => 'text/html,application/xhtml+xml,application/xml;q=0.9,*/*;q=0.8',
  'HTTP_ACCEPT_ENCODING' => 'gzip',
  'HTTP_ACCEPT_LANGUAGE' => 'es-MX,en,*',
  'HTTP_CONNECTION' => 'Keep-Alive',
  'HTTP_HOST' => 'jackmcgreevy.com',
  'HTTP_REFERER' => 'http://buttons-for-website.com',
  'HTTP_USER_AGENT' => 'Mozilla/5.0 (Windows NT 6.1; WOW64) AppleWebKit/537.36 (KHTML, like Gecko) Chrome/36.0.1985.143 Safari/537.36',
  'PATH' => '/bin:/usr/bin',
  'QUERY_STRING' => '',
  'REDIRECT_STATUS' => '200',
  'REMOTE_ADDR' => '189.242.210.157',
  'REMOTE_PORT' => '54002',
  'REQUEST_METHOD' => 'GET',
  'REQUEST_URI' => '/',
  'SCRIPT_FILENAME' => '/home/jack/public_html/index.php',
  'SCRIPT_NAME' => '/index.php',
  'SERVER_ADDR' => '50.28.54.24',
  'SERVER_ADMIN' => 'webmaster@jackmcgreevy.com',
  'SERVER_NAME' => 'jackmcgreevy.com',
  'SERVER_PORT' => '80',
  'SERVER_PROTOCOL' => 'HTTP/1.1',
  'SERVER_SIGNATURE' => '',
  'SERVER_SOFTWARE' => 'Apache/2.2.29 (Unix) mod_ssl/2.2.29 OpenSSL/1.0.1e-fips mod_bwlimited/1.4',
  'UNIQUE_ID' => 'VfCjhDIcNhgAAGo5KWwAAAAG',
  'PHP_SELF' => '/index.php',
  'REQUEST_TIME_FLOAT' => 1441833860.1440451145172119140625,
  'REQUEST_TIME' => 1441833860,
  'argv' => 
  array (
  ),
  'argc' => 0,
)
2015/09/09 21:24:20 [trace] [system.CModule] Loading "log" application component
in /home/jack/craft/app/etc/web/WebApp.php (584)
in /home/jack/craft/app/etc/web/WebApp.php (124)
in /home/jack/craft/app/bootstrap.php (189)
2015/09/09 21:24:20 [trace] [system.CModule] Loading "coreMessages" application component
in /home/jack/craft/app/etc/web/WebApp.php (584)
in /home/jack/craft/app/etc/web/WebApp.php (127)
in /home/jack/craft/app/bootstrap.php (189)
2015/09/09 21:24:20 [trace] [system.db.CDbConnection] Opening DB connection
in /home/jack/craft/app/etc/behaviors/AppBehavior.php (819)
in /home/jack/craft/app/etc/web/WebApp.php (580)
in /home/jack/craft/app/etc/behaviors/AppBehavior.php (80)
2015/09/09 21:24:20 [trace] [system.db.CDbCommand] Querying SQL: SHOW TABLES LIKE 'craft_%'
in /home/jack/craft/app/etc/db/schemas/MysqlSchema.php (295)
in /home/jack/craft/app/etc/db/DbConnection.php (90)
in /home/jack/craft/app/etc/behaviors/AppBehavior.php (98)
2015/09/09 21:24:20 [profile] [system.db.CDbCommand.query] begin:system.db.CDbCommand.query(SHOW TABLES LIKE 'craft_%')
2015/09/09 21:24:20 [profile] [system.db.CDbCommand.query] end:system.db.CDbCommand.query(SHOW TABLES LIKE 'craft_%')
2015/09/09 21:24:20 [trace] [system.db.CDbCommand] Querying SQL: SELECT *
FROM `craft_info` LIMIT 1
in /home/jack/craft/app/etc/behaviors/AppBehavior.php (493)
in /home/jack/craft/app/etc/behaviors/AppBehavior.php (187)
in /home/jack/craft/app/etc/web/WebApp.php (719)
2015/09/09 21:24:20 [profile] [system.db.CDbCommand.query] begin:system.db.CDbCommand.query(SELECT *
FROM `craft_info` LIMIT 1)
2015/09/09 21:24:20 [profile] [system.db.CDbCommand.query] end:system.db.CDbCommand.query(SELECT *
FROM `craft_info` LIMIT 1)
2015/09/09 21:24:20 [trace] [system.CModule] Loading "userSession" application component
in /home/jack/craft/app/etc/web/WebApp.php (584)
in /home/jack/craft/app/etc/web/WebApp.php (158)
in /home/jack/craft/app/index.php (62)
2015/09/09 21:24:20 [trace] [system.CModule] Loading "httpSession" application component
in /home/jack/craft/app/etc/web/WebApp.php (584)
in /home/jack/craft/app/etc/web/WebApp.php (477)
in /home/jack/craft/app/services/UserSessionService.php (92)
2015/09/09 21:24:20 [trace] [system.CModule] Loading "session" application component
in /home/jack/craft/app/etc/web/WebApp.php (584)
in /home/jack/craft/app/services/UserSessionService.php (1087)
in /home/jack/craft/app/services/UserSessionService.php (376)
2015/09/09 21:24:20 [trace] [system.CModule] Loading "updates" application component
in /home/jack/craft/app/etc/web/WebApp.php (584)
in /home/jack/craft/app/etc/web/WebApp.php (206)
in /home/jack/craft/app/index.php (62)
2015/09/09 21:24:20 [trace] [system.CModule] Loading "plugins" application component
in /home/jack/craft/app/etc/web/WebApp.php (584)
in /home/jack/craft/app/etc/web/WebApp.php (246)
in /home/jack/craft/app/index.php (62)
2015/09/09 21:24:20 [trace] [system.db.CDbCommand] Querying SQL: SELECT `id`, `class`, `version`, `settings`, `installDate`
FROM `craft_plugins`
WHERE enabled=1
in /home/jack/craft/app/services/PluginsService.php (102)
in /home/jack/craft/app/etc/web/WebApp.php (246)
in /home/jack/craft/app/index.php (62)
2015/09/09 21:24:20 [profile] [system.db.CDbCommand.query] begin:system.db.CDbCommand.query(SELECT `id`, `class`, `version`, `settings`, `installDate`
FROM `craft_plugins`
WHERE enabled=1)
2015/09/09 21:24:20 [profile] [system.db.CDbCommand.query] end:system.db.CDbCommand.query(SELECT `id`, `class`, `version`, `settings`, `installDate`
FROM `craft_plugins`
WHERE enabled=1)
2015/09/09 21:24:20 [trace] [system.CModule] Loading "elements" application component
in /home/jack/craft/app/etc/web/WebApp.php (584)
in /home/jack/craft/app/etc/web/UrlManager.php (278)
in /home/jack/craft/app/etc/web/UrlManager.php (137)
2015/09/09 21:24:20 [trace] [system.CModule] Loading "i18n" application component
in /home/jack/craft/app/etc/web/WebApp.php (584)
in /home/jack/craft/app/etc/behaviors/AppBehavior.php (791)
in /home/jack/craft/app/etc/behaviors/AppBehavior.php (571)
2015/09/09 21:24:20 [trace] [system.db.CDbCommand] Querying SQL: SELECT `locale`
FROM `craft_locales`
ORDER BY `sortOrder`
in /home/jack/craft/app/services/LocalizationService.php (126)
in /home/jack/craft/app/services/LocalizationService.php (150)
in /home/jack/craft/app/services/LocalizationService.php (162)
2015/09/09 21:24:20 [profile] [system.db.CDbCommand.query] begin:system.db.CDbCommand.query(SELECT `locale`
FROM `craft_locales`
ORDER BY `sortOrder`)
2015/09/09 21:24:20 [profile] [system.db.CDbCommand.query] end:system.db.CDbCommand.query(SELECT `locale`
FROM `craft_locales`
ORDER BY `sortOrder`)
2015/09/09 21:24:20 [trace] [system.db.CDbCommand] Querying SQL: SELECT `elements`.`id`, `elements`.`type`
FROM `craft_elements` `elements`
JOIN `craft_elements_i18n` `elements_i18n` ON elements_i18n.elementId = elements.id
WHERE (elements_i18n.uri = :uri) AND (elements_i18n.locale = :locale) AND (elements_i18n.enabled = 1) AND (elements.enabled = 1) AND (elements.archived = 0). Bound with :uri='__home__', :locale='en_us'
in /home/jack/craft/app/services/ElementsService.php (147)
in /home/jack/craft/app/etc/web/UrlManager.php (278)
in /home/jack/craft/app/etc/web/UrlManager.php (137)
2015/09/09 21:24:20 [profile] [system.db.CDbCommand.query] begin:system.db.CDbCommand.query(SELECT `elements`.`id`, `elements`.`type`
FROM `craft_elements` `elements`
JOIN `craft_elements_i18n` `elements_i18n` ON elements_i18n.elementId = elements.id
WHERE (elements_i18n.uri = :uri) AND (elements_i18n.locale = :locale) AND (elements_i18n.enabled = 1) AND (elements.enabled = 1) AND (elements.archived = 0). Bound with :uri='__home__', :locale='en_us')
2015/09/09 21:24:20 [profile] [system.db.CDbCommand.query] end:system.db.CDbCommand.query(SELECT `elements`.`id`, `elements`.`type`
FROM `craft_elements` `elements`
JOIN `craft_elements_i18n` `elements_i18n` ON elements_i18n.elementId = elements.id
WHERE (elements_i18n.uri = :uri) AND (elements_i18n.locale = :locale) AND (elements_i18n.enabled = 1) AND (elements.enabled = 1) AND (elements.archived = 0). Bound with :uri='__home__', :locale='en_us')
2015/09/09 21:24:20 [trace] [system.CModule] Loading "components" application component
in /home/jack/craft/app/etc/web/WebApp.php (584)
in /home/jack/craft/app/services/ElementsService.php (1768)
in /home/jack/craft/app/services/ElementsService.php (51)
2015/09/09 21:24:20 [trace] [system.CModule] Loading "content" application component
in /home/jack/craft/app/etc/web/WebApp.php (584)
in /home/jack/craft/app/elementtypes/BaseElementType.php (356)
in /home/jack/craft/app/elementtypes/BaseElementType.php (378)
2015/09/09 21:24:20 [trace] [system.CModule] Loading "fields" application component
in /home/jack/craft/app/etc/web/WebApp.php (584)
in /home/jack/craft/app/elementtypes/BaseElementType.php (360)
in /home/jack/craft/app/elementtypes/BaseElementType.php (378)
2015/09/09 21:24:20 [trace] [system.db.CDbCommand] Querying SQL: SELECT `id`, `groupId`, `name`, `handle`, `context`, `instructions`, `translatable`, `type`, `settings`
FROM `craft_fields`
WHERE `context` IN ('global')
ORDER BY `name`
in /home/jack/craft/app/services/FieldsService.php (246)
in /home/jack/craft/app/elementtypes/BaseElementType.php (360)
in /home/jack/craft/app/elementtypes/BaseElementType.php (378)
2015/09/09 21:24:20 [profile] [system.db.CDbCommand.query] begin:system.db.CDbCommand.query(SELECT `id`, `groupId`, `name`, `handle`, `context`, `instructions`, `translatable`, `type`, `settings`
FROM `craft_fields`
WHERE `context` IN ('global')
ORDER BY `name`)
2015/09/09 21:24:20 [profile] [system.db.CDbCommand.query] end:system.db.CDbCommand.query(SELECT `id`, `groupId`, `name`, `handle`, `context`, `instructions`, `translatable`, `type`, `settings`
FROM `craft_fields`
WHERE `context` IN ('global')
ORDER BY `name`)
2015/09/09 21:24:20 [trace] [system.CModule] Loading "messages" application component
in /home/jack/craft/app/etc/web/WebApp.php (584)
in /home/jack/craft/app/Craft.php (382)
in /home/jack/craft/app/fieldtypes/AssetsFieldType.php (312)
2015/09/09 21:24:20 [trace] [system.db.CDbCommand] Querying SQL: SELECT `elements`.`id`, `elements`.`type`, `elements`.`enabled`, `elements`.`archived`, `elements`.`dateCreated`, `elements`.`dateUpdated`, `elements_i18n`.`slug`, `elements_i18n`.`uri`, `elements_i18n`.`enabled` AS `localeEnabled`, `content`.`id` AS `contentId`, `content`.`title`, `content`.`field_articleSummary`, `content`.`field_body`, `content`.`field_globalSet`, `entries`.`sectionId`, `entries`.`typeId`, `entries`.`authorId`, `entries`.`postDate`, `entries`.`expiryDate`, `structureelements`.`root`, `structureelements`.`lft`, `structureelements`.`rgt`, `structureelements`.`level`
FROM `craft_elements` `elements`
JOIN `craft_elements_i18n` `elements_i18n` ON elements_i18n.elementId = elements.id
JOIN `craft_content` `content` ON content.elementId = elements.id
JOIN `craft_entries` `entries` ON entries.id = elements.id
JOIN `craft_sections` `sections` ON sections.id = entries.sectionId
LEFT JOIN `craft_structures` `structures` ON structures.id = sections.structureId
LEFT JOIN `craft_structureelements` `structureelements` ON (structureelements.structureId = structures.id) AND (structureelements.elementId = entries.id)
WHERE (((elements_i18n.locale = :locale) AND (content.locale = :locale)) AND (elements.id=:elementsid1)) AND (elements.archived = 0)
GROUP BY `elements`.`id`
ORDER BY `lft`, `postDate` DESC LIMIT 1. Bound with :locale='en_us', :elementsid1='2'
in /home/jack/craft/app/services/ElementsService.php (249)
in /home/jack/craft/app/models/ElementCriteriaModel.php (254)
in /home/jack/craft/app/models/ElementCriteriaModel.php (275)
2015/09/09 21:24:20 [profile] [system.db.CDbCommand.query] begin:system.db.CDbCommand.query(SELECT `elements`.`id`, `elements`.`type`, `elements`.`enabled`, `elements`.`archived`, `elements`.`dateCreated`, `elements`.`dateUpdated`, `elements_i18n`.`slug`, `elements_i18n`.`uri`, `elements_i18n`.`enabled` AS `localeEnabled`, `content`.`id` AS `contentId`, `content`.`title`, `content`.`field_articleSummary`, `content`.`field_body`, `content`.`field_globalSet`, `entries`.`sectionId`, `entries`.`typeId`, `entries`.`authorId`, `entries`.`postDate`, `entries`.`expiryDate`, `structureelements`.`root`, `structureelements`.`lft`, `structureelements`.`rgt`, `structureelements`.`level`
FROM `craft_elements` `elements`
JOIN `craft_elements_i18n` `elements_i18n` ON elements_i18n.elementId = elements.id
JOIN `craft_content` `content` ON content.elementId = elements.id
JOIN `craft_entries` `entries` ON entries.id = elements.id
JOIN `craft_sections` `sections` ON sections.id = entries.sectionId
LEFT JOIN `craft_structures` `structures` ON structures.id = sections.structureId
LEFT JOIN `craft_structureelements` `structureelements` ON (structureelements.structureId = structures.id) AND (structureelements.elementId = entries.id)
WHERE (((elements_i18n.locale = :locale) AND (content.locale = :locale)) AND (elements.id=:elementsid1)) AND (elements.archived = 0)
GROUP BY `elements`.`id`
ORDER BY `lft`, `postDate` DESC LIMIT 1. Bound with :locale='en_us', :elementsid1='2')
2015/09/09 21:24:20 [profile] [system.db.CDbCommand.query] end:system.db.CDbCommand.query(SELECT `elements`.`id`, `elements`.`type`, `elements`.`enabled`, `elements`.`archived`, `elements`.`dateCreated`, `elements`.`dateUpdated`, `elements_i18n`.`slug`, `elements_i18n`.`uri`, `elements_i18n`.`enabled` AS `localeEnabled`, `content`.`id` AS `contentId`, `content`.`title`, `content`.`field_articleSummary`, `content`.`field_body`, `content`.`field_globalSet`, `entries`.`sectionId`, `entries`.`typeId`, `entries`.`authorId`, `entries`.`postDate`, `entries`.`expiryDate`, `structureelements`.`root`, `structureelements`.`lft`, `structureelements`.`rgt`, `structureelements`.`level`
FROM `craft_elements` `elements`
JOIN `craft_elements_i18n` `elements_i18n` ON elements_i18n.elementId = elements.id
JOIN `craft_content` `content` ON content.elementId = elements.id
JOIN `craft_entries` `entries` ON entries.id = elements.id
JOIN `craft_sections` `sections` ON sections.id = entries.sectionId
LEFT JOIN `craft_structures` `structures` ON structures.id = sections.structureId
LEFT JOIN `craft_structureelements` `structureelements` ON (structureelements.structureId = structures.id) AND (structureelements.elementId = entries.id)
WHERE (((elements_i18n.locale = :locale) AND (content.locale = :locale)) AND (elements.id=:elementsid1)) AND (elements.archived = 0)
GROUP BY `elements`.`id`
ORDER BY `lft`, `postDate` DESC LIMIT 1. Bound with :locale='en_us', :elementsid1='2')
2015/09/09 21:24:20 [trace] [system.CModule] Loading "sections" application component
in /home/jack/craft/app/etc/web/WebApp.php (584)
in /home/jack/craft/app/models/EntryModel.php (112)
in /home/jack/craft/app/elementtypes/EntryElementType.php (748)
2015/09/09 21:24:20 [trace] [system.db.CDbCommand] Querying SQL: SELECT `sections`.`id`, `sections`.`structureId`, `sections`.`name`, `sections`.`handle`, `sections`.`type`, `sections`.`hasUrls`, `sections`.`template`, `sections`.`enableVersioning`, `structures`.`maxLevels`
FROM `craft_sections` `sections`
LEFT JOIN `craft_structures` `structures` ON structures.id = sections.structureId
WHERE sections.id = :sectionId
ORDER BY `name`. Bound with :sectionId='1'
in /home/jack/craft/app/services/SectionsService.php (244)
in /home/jack/craft/app/models/EntryModel.php (112)
in /home/jack/craft/app/elementtypes/EntryElementType.php (748)
2015/09/09 21:24:20 [profile] [system.db.CDbCommand.query] begin:system.db.CDbCommand.query(SELECT `sections`.`id`, `sections`.`structureId`, `sections`.`name`, `sections`.`handle`, `sections`.`type`, `sections`.`hasUrls`, `sections`.`template`, `sections`.`enableVersioning`, `structures`.`maxLevels`
FROM `craft_sections` `sections`
LEFT JOIN `craft_structures` `structures` ON structures.id = sections.structureId
WHERE sections.id = :sectionId
ORDER BY `name`. Bound with :sectionId='1')
2015/09/09 21:24:20 [profile] [system.db.CDbCommand.query] end:system.db.CDbCommand.query(SELECT `sections`.`id`, `sections`.`structureId`, `sections`.`name`, `sections`.`handle`, `sections`.`type`, `sections`.`hasUrls`, `sections`.`template`, `sections`.`enableVersioning`, `structures`.`maxLevels`
FROM `craft_sections` `sections`
LEFT JOIN `craft_structures` `structures` ON structures.id = sections.structureId
WHERE sections.id = :sectionId
ORDER BY `name`. Bound with :sectionId='1')
2015/09/09 21:24:20 [trace] [system.db.CDbCommand] Querying SQL: SELECT *
FROM `craft_sections_i18n` `sections_i18n`
JOIN `craft_locales` `locales` ON locales.locale = sections_i18n.locale
WHERE sections_i18n.sectionId = :sectionId
ORDER BY `locales`.`sortOrder`. Bound with :sectionId='1'
in /home/jack/craft/app/services/SectionsService.php (302)
in /home/jack/craft/app/models/SectionModel.php (63)
in /home/jack/craft/app/elementtypes/EntryElementType.php (751)
2015/09/09 21:24:20 [profile] [system.db.CDbCommand.query] begin:system.db.CDbCommand.query(SELECT *
FROM `craft_sections_i18n` `sections_i18n`
JOIN `craft_locales` `locales` ON locales.locale = sections_i18n.locale
WHERE sections_i18n.sectionId = :sectionId
ORDER BY `locales`.`sortOrder`. Bound with :sectionId='1')
2015/09/09 21:24:20 [profile] [system.db.CDbCommand.query] end:system.db.CDbCommand.query(SELECT *
FROM `craft_sections_i18n` `sections_i18n`
JOIN `craft_locales` `locales` ON locales.locale = sections_i18n.locale
WHERE sections_i18n.sectionId = :sectionId
ORDER BY `locales`.`sortOrder`. Bound with :sectionId='1')
2015/09/09 21:24:20 [trace] [system.CModule] Loading "templates" application component
in /home/jack/craft/app/etc/web/WebApp.php (584)
in /home/jack/craft/app/controllers/TemplatesController.php (53)
in /home/jack/craft/app/etc/web/WebApp.php (279)
2015/09/09 21:24:20 [trace] [system.CModule] Loading "globals" application component
in /home/jack/craft/app/etc/web/WebApp.php (584)
in /home/jack/craft/app/etc/templating/twigextensions/CraftTwigExtension.php (466)
in /home/jack/craft/app/vendor/twig/twig/lib/Twig/Environment.php (1169)
2015/09/09 21:24:20 [trace] [system.db.CDbCommand] Querying SQL: SELECT `elements`.`id`, `elements`.`type`, `elements`.`enabled`, `elements`.`archived`, `elements`.`dateCreated`, `elements`.`dateUpdated`, `elements_i18n`.`slug`, `elements_i18n`.`uri`, `elements_i18n`.`enabled` AS `localeEnabled`, `content`.`id` AS `contentId`, `content`.`field_articleSummary`, `content`.`field_body`, `content`.`field_globalSet`, `globalsets`.`name`, `globalsets`.`handle`, `globalsets`.`fieldLayoutId`
FROM `craft_elements` `elements`
JOIN `craft_elements_i18n` `elements_i18n` ON elements_i18n.elementId = elements.id
JOIN `craft_content` `content` ON content.elementId = elements.id
JOIN `craft_globalsets` `globalsets` ON globalsets.id = elements.id
WHERE ((((elements_i18n.locale = :locale) AND (content.locale = :locale)) AND (elements.archived = 0)) AND (elements.enabled = 1)) AND (elements_i18n.enabled = 1)
GROUP BY `elements`.`id`
ORDER BY `name` LIMIT 100. Bound with :locale='en_us'
in /home/jack/craft/app/services/ElementsService.php (249)
in /home/jack/craft/app/models/ElementCriteriaModel.php (254)
in /home/jack/craft/app/services/GlobalsService.php (96)
2015/09/09 21:24:20 [profile] [system.db.CDbCommand.query] begin:system.db.CDbCommand.query(SELECT `elements`.`id`, `elements`.`type`, `elements`.`enabled`, `elements`.`archived`, `elements`.`dateCreated`, `elements`.`dateUpdated`, `elements_i18n`.`slug`, `elements_i18n`.`uri`, `elements_i18n`.`enabled` AS `localeEnabled`, `content`.`id` AS `contentId`, `content`.`field_articleSummary`, `content`.`field_body`, `content`.`field_globalSet`, `globalsets`.`name`, `globalsets`.`handle`, `globalsets`.`fieldLayoutId`
FROM `craft_elements` `elements`
JOIN `craft_elements_i18n` `elements_i18n` ON elements_i18n.elementId = elements.id
JOIN `craft_content` `content` ON content.elementId = elements.id
JOIN `craft_globalsets` `globalsets` ON globalsets.id = elements.id
WHERE ((((elements_i18n.locale = :locale) AND (content.locale = :locale)) AND (elements.archived = 0)) AND (elements.enabled = 1)) AND (elements_i18n.enabled = 1)
GROUP BY `elements`.`id`
ORDER BY `name` LIMIT 100. Bound with :locale='en_us')
2015/09/09 21:24:20 [profile] [system.db.CDbCommand.query] end:system.db.CDbCommand.query(SELECT `elements`.`id`, `elements`.`type`, `elements`.`enabled`, `elements`.`archived`, `elements`.`dateCreated`, `elements`.`dateUpdated`, `elements_i18n`.`slug`, `elements_i18n`.`uri`, `elements_i18n`.`enabled` AS `localeEnabled`, `content`.`id` AS `contentId`, `content`.`field_articleSummary`, `content`.`field_body`, `content`.`field_globalSet`, `globalsets`.`name`, `globalsets`.`handle`, `globalsets`.`fieldLayoutId`
FROM `craft_elements` `elements`
JOIN `craft_elements_i18n` `elements_i18n` ON elements_i18n.elementId = elements.id
JOIN `craft_content` `content` ON content.elementId = elements.id
JOIN `craft_globalsets` `globalsets` ON globalsets.id = elements.id
WHERE ((((elements_i18n.locale = :locale) AND (content.locale = :locale)) AND (elements.archived = 0)) AND (elements.enabled = 1)) AND (elements_i18n.enabled = 1)
GROUP BY `elements`.`id`
ORDER BY `name` LIMIT 100. Bound with :locale='en_us')

******************************************************************************************************
